This file contains any messages produced by compilers while
running configure, to aid debugging if configure makes a mistake.

It was created by OpenJDK configure jdk9, which was
generated by GNU Autoconf 2.69.  Invocation command line was

  $ /home/ec2-user/jdk/configure --enable-option-checking=fatal --with-boot-jdk=/lib/jvm/java-1.8.0/ --with-jvm-variants=core

## --------- ##
## Platform. ##
## --------- ##

hostname = ip-172-31-19-145.eu-west-1.compute.internal
uname -m = x86_64
uname -r = 4.18.0-240.1.1.el8_3.x86_64
uname -s = Linux
uname -v = #1 SMP Fri Oct 16 13:36:46 EDT 2020

/usr/bin/uname -p = x86_64
/bin/uname -X     = unknown

/bin/arch              = x86_64
/usr/bin/arch -k       = unknown
/usr/convex/getsysinfo = unknown
/usr/bin/hostinfo      = unknown
/bin/machine           = unknown
/usr/bin/oslevel       = unknown
/bin/universe          = unknown

PATH: /usr/local/bin
PATH: /sbin
PATH: /bin
PATH: /usr/sbin
PATH: /usr/bin


## ----------- ##
## Core tests. ##
## ----------- ##

configure:4405: Configuration created at Wed Apr 28 22:42:32 UTC 2021.
configure:4407: configure script generated at timestamp 1435822080.
configure:4430: checking for basename
configure:4448: found /bin/basename
configure:4460: result: /bin/basename
configure:4681: checking for bash
configure:4711: result: /bin/bash
configure:4816: checking for cat
configure:4834: found /bin/cat
configure:4846: result: /bin/cat
configure:5009: checking for chmod
configure:5027: found /bin/chmod
configure:5039: result: /bin/chmod
configure:5202: checking for cmp
configure:5220: found /bin/cmp
configure:5232: result: /bin/cmp
configure:5395: checking for comm
configure:5413: found /bin/comm
configure:5425: result: /bin/comm
configure:5588: checking for cp
configure:5606: found /bin/cp
configure:5618: result: /bin/cp
configure:5781: checking for cut
configure:5799: found /bin/cut
configure:5811: result: /bin/cut
configure:5974: checking for date
configure:5992: found /bin/date
configure:6004: result: /bin/date
configure:6167: checking for gdiff
configure:6200: result: no
configure:6167: checking for diff
configure:6185: found /bin/diff
configure:6197: result: /bin/diff
configure:6360: checking for dirname
configure:6378: found /bin/dirname
configure:6390: result: /bin/dirname
configure:6553: checking for echo
configure:6571: found /bin/echo
configure:6583: result: /bin/echo
configure:6746: checking for expr
configure:6764: found /bin/expr
configure:6776: result: /bin/expr
configure:6939: checking for file
configure:6957: found /bin/file
configure:6969: result: /bin/file
configure:7132: checking for find
configure:7150: found /bin/find
configure:7162: result: /bin/find
configure:7325: checking for head
configure:7343: found /bin/head
configure:7355: result: /bin/head
configure:7518: checking for ln
configure:7536: found /bin/ln
configure:7548: result: /bin/ln
configure:7711: checking for ls
configure:7729: found /bin/ls
configure:7741: result: /bin/ls
configure:7904: checking for mkdir
configure:7922: found /bin/mkdir
configure:7934: result: /bin/mkdir
configure:8097: checking for mktemp
configure:8115: found /bin/mktemp
configure:8127: result: /bin/mktemp
configure:8290: checking for mv
configure:8308: found /bin/mv
configure:8320: result: /bin/mv
configure:8483: checking for nawk
configure:8516: result: no
configure:8483: checking for gawk
configure:8501: found /bin/gawk
configure:8513: result: /bin/gawk
configure:8676: checking for printf
configure:8694: found /bin/printf
configure:8706: result: /bin/printf
configure:8869: checking for rm
configure:8887: found /bin/rm
configure:8899: result: /bin/rm
configure:9062: checking for sh
configure:9080: found /bin/sh
configure:9092: result: /bin/sh
configure:9255: checking for sort
configure:9273: found /bin/sort
configure:9285: result: /bin/sort
configure:9448: checking for tail
configure:9466: found /bin/tail
configure:9478: result: /bin/tail
configure:9641: checking for tar
configure:9659: found /bin/tar
configure:9671: result: /bin/tar
configure:9834: checking for tee
configure:9852: found /bin/tee
configure:9864: result: /bin/tee
configure:10027: checking for touch
configure:10045: found /bin/touch
configure:10057: result: /bin/touch
configure:10220: checking for tr
configure:10238: found /bin/tr
configure:10250: result: /bin/tr
configure:10413: checking for uname
configure:10431: found /bin/uname
configure:10443: result: /bin/uname
configure:10606: checking for uniq
configure:10624: found /bin/uniq
configure:10636: result: /bin/uniq
configure:10799: checking for wc
configure:10817: found /bin/wc
configure:10829: result: /bin/wc
configure:10992: checking for which
configure:11010: found /bin/which
configure:11022: result: /bin/which
configure:11185: checking for xargs
configure:11203: found /bin/xargs
configure:11215: result: /bin/xargs
configure:11379: checking for gawk
configure:11395: found /bin/gawk
configure:11406: result: gawk
configure:11560: checking for grep that handles long lines and -e
configure:11618: result: /bin/grep
configure:11787: checking for egrep
configure:11849: result: /bin/grep -E
configure:12022: checking for fgrep
configure:12084: result: /bin/grep -F
configure:12257: checking for a sed that does not truncate output
configure:12321: result: /bin/sed
configure:12509: checking for cygpath
configure:12542: result: no
configure:12695: checking for greadlink
configure:12728: result: no
configure:12695: checking for readlink
configure:12713: found /bin/readlink
configure:12725: result: /bin/readlink
configure:12881: checking for df
configure:12899: found /bin/df
configure:12911: result: /bin/df
configure:13067: checking for cpio
configure:13085: found /bin/cpio
configure:13097: result: /bin/cpio
configure:13250: checking build system type
configure:13264: result: x86_64-unknown-linux-gnu
configure:13284: checking host system type
configure:13297: result: x86_64-unknown-linux-gnu
configure:13317: checking target system type
configure:13330: result: x86_64-unknown-linux-gnu
configure:13510: checking openjdk-build os-cpu
configure:13512: result: linux-x86_64
configure:13649: checking openjdk-target os-cpu
configure:13651: result: linux-x86_64
configure:13701: checking compilation type
configure:13703: result: native
configure:13947: checking for top-level directory
configure:13949: result: /home/ec2-user/jdk
configure:14279: checking for presence of closed sources
configure:14286: result: no
configure:14289: checking if closed source is suppressed (openjdk-only)
configure:14292: result: no
configure:14341: checking which variant of the JDK to build
configure:14358: result: normal
configure:14368: checking which interpreter of the JVM to build
configure:14389: result: template
configure:14406: checking which variants of the JVM to build
configure:14425: result: core
configure:14501: checking which debug level to use
configure:14525: result: release
configure:15089: checking for sysroot
configure:15091: result: 
configure:15093: checking for toolchain path
configure:15095: result: 
configure:15097: checking for extra path
configure:15099: result: 
configure:15115: checking where to store configuration
configure:15123: result: in default location
configure:15181: checking what configuration name to use
configure:15183: result: linux-x86_64-normal-core-release
configure:15349: checking for apt-get
configure:15379: result: no
configure:15349: checking for yum
configure:15365: found /bin/yum
configure:15376: result: yum
configure:15744: checking for gmake
configure:15762: found /bin/gmake
configure:15774: result: /bin/gmake
configure:15799: Testing potential make at /bin/gmake, found using gmake in PATH
configure:17290: Using GNU make at /bin/gmake (version: GNU Make 4.2.1)
configure:17295: checking if make --output-sync is supported
configure:17299: result: yes
configure:17301: checking for output-sync value
configure:17312: result: none
configure:17329: checking if find supports -delete
configure:17350: result: yes
configure:17371: checking for unzip
configure:17389: found /bin/unzip
configure:17401: result: /bin/unzip
configure:17564: checking for zip
configure:17582: found /bin/zip
configure:17594: result: /bin/zip
configure:17759: checking for ldd
configure:17777: found /bin/ldd
configure:17789: result: /bin/ldd
configure:17951: checking for otool
configure:17984: result: no
configure:18140: checking for greadelf
configure:18173: result: no
configure:18140: checking for readelf
configure:18158: found /bin/readelf
configure:18170: result: /bin/readelf
configure:18326: checking for hg
configure:18359: result: no
configure:18512: checking for stat
configure:18530: found /bin/stat
configure:18542: result: /bin/stat
configure:18698: checking for time
configure:18731: result: no
configure:19668: checking if bash supports pipefail
configure:19672: result: yes
configure:19679: checking if bash supports errexit (-e)
configure:19683: result: yes
configure:19743: checking for pkg-config
configure:19761: found /bin/pkg-config
configure:19773: result: /bin/pkg-config
configure:19798: checking pkg-config is at least version 0.9.0
configure:19801: result: yes
configure:19916: checking for 7z
configure:19946: result: no
configure:19916: checking for unzip
configure:19932: found /bin/unzip
configure:19943: result: unzip
configure:19962: checking for wget
configure:19992: result: no
configure:19962: checking for lftp
configure:19992: result: no
configure:19962: checking for ftp
configure:19992: result: no
configure:20016: checking headful support
configure:20040: result: include support for both headful and headless
configure:20267: Found potential Boot JDK using configure arguments
configure:20428: checking for Boot JDK
configure:20430: result: /lib/jvm/java-1.8.0
configure:20432: checking Boot JDK version
configure:20435: result: openjdk version "1.8.0_292" OpenJDK Runtime Environment (build 1.8.0_292-b10) OpenJDK 64-Bit Server VM (build 25.292-b10, mixed mode) 
configure:25562: checking for java in Boot JDK
configure:25572: result: ok
configure:25689: checking for javac in Boot JDK
configure:25699: result: ok
configure:25816: checking for javah in Boot JDK
configure:25826: result: ok
configure:25943: checking for jar in Boot JDK
configure:25953: result: ok
configure:26070: checking for jarsigner in Boot JDK
configure:26080: result: ok
configure:26642: Using default toolchain gcc (GNU Compiler Collection)
configure:28269: checking for gcc
configure:28287: found /bin/gcc
configure:28299: result: /bin/gcc
configure:28640: checking resolved symbolic links for CC
configure:28690: result: /usr/bin/gcc
configure:28693: checking if CC is disguised ccache
configure:29152: result: no, keeping CC
configure:29273: Using gcc C compiler version 8.3.1 [gcc (GCC) 8.3.1 20191121 (Red Hat 8.3.1-5)]
configure:29390: checking for C compiler version
configure:29399: /bin/gcc --version >&5
gcc (GCC) 8.3.1 20191121 (Red Hat 8.3.1-5)
Copyright (C) 2018 Free Software Foundation, Inc.
This is free software; see the source for copying conditions.  There is NO
warranty; not even for MERCHANTABILITY or FITNESS FOR A PARTICULAR PURPOSE.

configure:29410: $? = 0
configure:29399: /bin/gcc -v >&5
Using built-in specs.
COLLECT_GCC=/bin/gcc
COLLECT_LTO_WRAPPER=/usr/libexec/gcc/x86_64-redhat-linux/8/lto-wrapper
OFFLOAD_TARGET_NAMES=nvptx-none
OFFLOAD_TARGET_DEFAULT=1
Target: x86_64-redhat-linux
Configured with: ../configure --enable-bootstrap --enable-languages=c,c++,fortran,lto --prefix=/usr --mandir=/usr/share/man --infodir=/usr/share/info --with-bugurl=http://bugzilla.redhat.com/bugzilla --enable-shared --enable-threads=posix --enable-checking=release --enable-multilib --with-system-zlib --enable-__cxa_atexit --disable-libunwind-exceptions --enable-gnu-unique-object --enable-linker-build-id --with-gcc-major-version-only --with-linker-hash-style=gnu --enable-plugin --enable-initfini-array --with-isl --disable-libmpx --enable-offload-targets=nvptx-none --without-cuda-driver --enable-gnu-indirect-function --enable-cet --with-tune=generic --with-arch_32=x86-64 --build=x86_64-redhat-linux
Thread model: posix
gcc version 8.3.1 20191121 (Red Hat 8.3.1-5) (GCC) 
configure:29410: $? = 0
configure:29399: /bin/gcc -V >&5
gcc: error: unrecognized command line option '-V'
gcc: fatal error: no input files
compilation terminated.
configure:29410: $? = 1
configure:29399: /bin/gcc -qversion >&5
gcc: error: unrecognized command line option '-qversion'; did you mean '--version'?
gcc: fatal error: no input files
compilation terminated.
configure:29410: $? = 1
configure:29430: checking whether the C compiler works
configure:29452: /bin/gcc    conftest.c  >&5
configure:29456: $? = 0
configure:29504: result: yes
configure:29507: checking for C compiler default output file name
configure:29509: result: a.out
configure:29515: checking for suffix of executables
configure:29522: /bin/gcc -o conftest    conftest.c  >&5
configure:29526: $? = 0
configure:29548: result: 
configure:29570: checking whether we are cross compiling
configure:29578: /bin/gcc -o conftest    conftest.c  >&5
configure:29582: $? = 0
configure:29589: ./conftest
configure:29593: $? = 0
configure:29608: result: no
configure:29613: checking for suffix of object files
configure:29635: /bin/gcc -c   conftest.c >&5
configure:29639: $? = 0
configure:29660: result: o
configure:29664: checking whether we are using the GNU C compiler
configure:29683: /bin/gcc -c   conftest.c >&5
configure:29683: $? = 0
configure:29692: result: yes
configure:29701: checking whether /bin/gcc accepts -g
configure:29721: /bin/gcc -c -g  conftest.c >&5
configure:29721: $? = 0
configure:29762: result: yes
configure:29779: checking for /bin/gcc option to accept ISO C89
configure:29842: /bin/gcc  -c -g -O2  conftest.c >&5
configure:29842: $? = 0
configure:29855: result: none needed
configure:30017: checking for g++
configure:30035: found /bin/g++
configure:30047: result: /bin/g++
configure:30388: checking resolved symbolic links for CXX
configure:30438: result: /usr/bin/g++
configure:30441: checking if CXX is disguised ccache
configure:30900: result: no, keeping CXX
configure:31021: Using gcc C++ compiler version 8.3.1 [g++ (GCC) 8.3.1 20191121 (Red Hat 8.3.1-5)]
configure:31138: checking for C++ compiler version
configure:31147: /bin/g++ --version >&5
g++ (GCC) 8.3.1 20191121 (Red Hat 8.3.1-5)
Copyright (C) 2018 Free Software Foundation, Inc.
This is free software; see the source for copying conditions.  There is NO
warranty; not even for MERCHANTABILITY or FITNESS FOR A PARTICULAR PURPOSE.

configure:31158: $? = 0
configure:31147: /bin/g++ -v >&5
Using built-in specs.
COLLECT_GCC=/bin/g++
COLLECT_LTO_WRAPPER=/usr/libexec/gcc/x86_64-redhat-linux/8/lto-wrapper
OFFLOAD_TARGET_NAMES=nvptx-none
OFFLOAD_TARGET_DEFAULT=1
Target: x86_64-redhat-linux
Configured with: ../configure --enable-bootstrap --enable-languages=c,c++,fortran,lto --prefix=/usr --mandir=/usr/share/man --infodir=/usr/share/info --with-bugurl=http://bugzilla.redhat.com/bugzilla --enable-shared --enable-threads=posix --enable-checking=release --enable-multilib --with-system-zlib --enable-__cxa_atexit --disable-libunwind-exceptions --enable-gnu-unique-object --enable-linker-build-id --with-gcc-major-version-only --with-linker-hash-style=gnu --enable-plugin --enable-initfini-array --with-isl --disable-libmpx --enable-offload-targets=nvptx-none --without-cuda-driver --enable-gnu-indirect-function --enable-cet --with-tune=generic --with-arch_32=x86-64 --build=x86_64-redhat-linux
Thread model: posix
gcc version 8.3.1 20191121 (Red Hat 8.3.1-5) (GCC) 
configure:31158: $? = 0
configure:31147: /bin/g++ -V >&5
g++: error: unrecognized command line option '-V'
g++: fatal error: no input files
compilation terminated.
configure:31158: $? = 1
configure:31147: /bin/g++ -qversion >&5
g++: error: unrecognized command line option '-qversion'; did you mean '--version'?
g++: fatal error: no input files
compilation terminated.
configure:31158: $? = 1
configure:31162: checking whether we are using the GNU C++ compiler
configure:31181: /bin/g++ -c   conftest.cpp >&5
configure:31181: $? = 0
configure:31190: result: yes
configure:31199: checking whether /bin/g++ accepts -g
configure:31219: /bin/g++ -c -g  conftest.cpp >&5
configure:31219: $? = 0
configure:31260: result: yes
configure:31292: checking how to run the C preprocessor
configure:31323: /bin/gcc -E  conftest.c
configure:31323: $? = 0
configure:31337: /bin/gcc -E  conftest.c
conftest.c:9:10: fatal error: ac_nonexistent.h: No such file or directory
 #include <ac_nonexistent.h>
          ^~~~~~~~~~~~~~~~~~
compilation terminated.
configure:31337: $? = 1
configure: failed program was:
| /* confdefs.h */
| #define PACKAGE_NAME "OpenJDK"
| #define PACKAGE_TARNAME "openjdk"
| #define PACKAGE_VERSION "jdk9"
| #define PACKAGE_STRING "OpenJDK jdk9"
| #define PACKAGE_BUGREPORT "build-dev@openjdk.java.net"
| #define PACKAGE_URL "http://openjdk.java.net"
| /* end confdefs.h.  */
| #include <ac_nonexistent.h>
configure:31362: result: /bin/gcc -E
configure:31382: /bin/gcc -E  conftest.c
configure:31382: $? = 0
configure:31396: /bin/gcc -E  conftest.c
conftest.c:9:10: fatal error: ac_nonexistent.h: No such file or directory
 #include <ac_nonexistent.h>
          ^~~~~~~~~~~~~~~~~~
compilation terminated.
configure:31396: $? = 1
configure: failed program was:
| /* confdefs.h */
| #define PACKAGE_NAME "OpenJDK"
| #define PACKAGE_TARNAME "openjdk"
| #define PACKAGE_VERSION "jdk9"
| #define PACKAGE_STRING "OpenJDK jdk9"
| #define PACKAGE_BUGREPORT "build-dev@openjdk.java.net"
| #define PACKAGE_URL "http://openjdk.java.net"
| /* end confdefs.h.  */
| #include <ac_nonexistent.h>
configure:31715: checking how to run the C++ preprocessor
configure:31742: /bin/g++ -E  conftest.cpp
configure:31742: $? = 0
configure:31756: /bin/g++ -E  conftest.cpp
conftest.cpp:9:10: fatal error: ac_nonexistent.h: No such file or directory
 #include <ac_nonexistent.h>
          ^~~~~~~~~~~~~~~~~~
compilation terminated.
configure:31756: $? = 1
configure: failed program was:
| /* confdefs.h */
| #define PACKAGE_NAME "OpenJDK"
| #define PACKAGE_TARNAME "openjdk"
| #define PACKAGE_VERSION "jdk9"
| #define PACKAGE_STRING "OpenJDK jdk9"
| #define PACKAGE_BUGREPORT "build-dev@openjdk.java.net"
| #define PACKAGE_URL "http://openjdk.java.net"
| /* end confdefs.h.  */
| #include <ac_nonexistent.h>
configure:31781: result: /bin/g++ -E
configure:31801: /bin/g++ -E  conftest.cpp
configure:31801: $? = 0
configure:31815: /bin/g++ -E  conftest.cpp
conftest.cpp:9:10: fatal error: ac_nonexistent.h: No such file or directory
 #include <ac_nonexistent.h>
          ^~~~~~~~~~~~~~~~~~
compilation terminated.
configure:31815: $? = 1
configure: failed program was:
| /* confdefs.h */
| #define PACKAGE_NAME "OpenJDK"
| #define PACKAGE_TARNAME "openjdk"
| #define PACKAGE_VERSION "jdk9"
| #define PACKAGE_STRING "OpenJDK jdk9"
| #define PACKAGE_BUGREPORT "build-dev@openjdk.java.net"
| #define PACKAGE_URL "http://openjdk.java.net"
| /* end confdefs.h.  */
| #include <ac_nonexistent.h>
configure:33081: checking for ar
configure:33097: found /bin/ar
configure:33108: result: ar
configure:33603: Rewriting AR to "/bin/ar"
configure:36611: checking for strip
configure:36627: found /bin/strip
configure:36638: result: strip
configure:37132: Rewriting STRIP to "/bin/strip"
configure:37193: checking for nm
configure:37209: found /bin/nm
configure:37220: result: nm
configure:37714: Rewriting NM to "/bin/nm"
configure:37782: checking for gobjcopy
configure:37812: result: no
configure:37782: checking for objcopy
configure:37798: found /bin/objcopy
configure:37809: result: objcopy
configure:38305: Rewriting OBJCOPY to "/bin/objcopy"
configure:38369: checking for gobjdump
configure:38399: result: no
configure:38369: checking for objdump
configure:38385: found /bin/objdump
configure:38396: result: objdump
configure:38893: Rewriting OBJDUMP to "/bin/objdump"
configure:40444: checking if compiler supports "-Og"
configure:40460: /bin/gcc -c  -Og  conftest.c >&5
configure:40460: $? = 0
configure:40486: /bin/g++ -c  -Og  conftest.cpp >&5
configure:40486: $? = 0
configure:40500: result: yes
configure:40512: checking if linker supports "-Xlinker -z -Xlinker relro"
configure:40535: /bin/gcc -o conftest    -Xlinker -z -Xlinker relro conftest.c  >&5
configure:40535: $? = 0
configure:40550: result: yes
configure:40562: checking if linker supports "-Xlinker -z -Xlinker now"
configure:40585: /bin/gcc -o conftest    -Xlinker -z -Xlinker now conftest.c  >&5
configure:40585: $? = 0
configure:40600: result: yes
configure:40614: checking for broken SuSE 'ld' which only understands anonymous version tags in executables
configure:40619: result: no
configure:40645: checking for jtreg
configure:40647: result: no
configure:41132: checking for ANSI C header files
configure:41152: /bin/g++ -c   conftest.cpp >&5
configure:41152: $? = 0
configure:41225: /bin/g++ -o conftest    conftest.cpp  >&5
configure:41225: $? = 0
configure:41225: ./conftest
configure:41225: $? = 0
configure:41236: result: yes
configure:41249: checking for sys/types.h
configure:41249: /bin/g++ -c   conftest.cpp >&5
configure:41249: $? = 0
configure:41249: result: yes
configure:41249: checking for sys/stat.h
configure:41249: /bin/g++ -c   conftest.cpp >&5
configure:41249: $? = 0
configure:41249: result: yes
configure:41249: checking for stdlib.h
configure:41249: /bin/g++ -c   conftest.cpp >&5
configure:41249: $? = 0
configure:41249: result: yes
configure:41249: checking for string.h
configure:41249: /bin/g++ -c   conftest.cpp >&5
configure:41249: $? = 0
configure:41249: result: yes
configure:41249: checking for memory.h
configure:41249: /bin/g++ -c   conftest.cpp >&5
configure:41249: $? = 0
configure:41249: result: yes
configure:41249: checking for strings.h
configure:41249: /bin/g++ -c   conftest.cpp >&5
configure:41249: $? = 0
configure:41249: result: yes
configure:41249: checking for inttypes.h
configure:41249: /bin/g++ -c   conftest.cpp >&5
configure:41249: $? = 0
configure:41249: result: yes
configure:41249: checking for stdint.h
configure:41249: /bin/g++ -c   conftest.cpp >&5
configure:41249: $? = 0
configure:41249: result: yes
configure:41249: checking for unistd.h
configure:41249: /bin/g++ -c   conftest.cpp >&5
configure:41249: $? = 0
configure:41249: result: yes
configure:41315: checking stdio.h usability
configure:41315: /bin/g++ -c   conftest.cpp >&5
configure:41315: $? = 0
configure:41315: result: yes
configure:41315: checking stdio.h presence
configure:41315: /bin/g++ -E  conftest.cpp
configure:41315: $? = 0
configure:41315: result: yes
configure:41315: checking for stdio.h
configure:41315: result: yes
configure:41343: checking size of int *
configure:41348: /bin/g++ -o conftest    conftest.cpp  >&5
configure:41348: $? = 0
configure:41348: ./conftest
configure:41348: $? = 0
configure:41362: result: 8
configure:41455: checking for target address size
configure:41457: result: 64 bits
configure:41465: checking whether byte ordering is bigendian
configure:41480: /bin/g++ -c   conftest.cpp >&5
conftest.cpp:22:9: error: expected unqualified-id before 'not' token
         not a universal capable compiler
         ^~~
configure:41480: $? = 1
configure: failed program was:
| /* confdefs.h */
| #define PACKAGE_NAME "OpenJDK"
| #define PACKAGE_TARNAME "openjdk"
| #define PACKAGE_VERSION "jdk9"
| #define PACKAGE_STRING "OpenJDK jdk9"
| #define PACKAGE_BUGREPORT "build-dev@openjdk.java.net"
| #define PACKAGE_URL "http://openjdk.java.net"
| #define STDC_HEADERS 1
| #define HAVE_SYS_TYPES_H 1
| #define HAVE_SYS_STAT_H 1
| #define HAVE_STDLIB_H 1
| #define HAVE_STRING_H 1
| #define HAVE_MEMORY_H 1
| #define HAVE_STRINGS_H 1
| #define HAVE_INTTYPES_H 1
| #define HAVE_STDINT_H 1
| #define HAVE_UNISTD_H 1
| #define HAVE_STDIO_H 1
| #define SIZEOF_INT_P 8
| /* end confdefs.h.  */
| #ifndef __APPLE_CC__
| 	       not a universal capable compiler
| 	     #endif
| 	     typedef int dummy;
| 
configure:41525: /bin/g++ -c   conftest.cpp >&5
configure:41525: $? = 0
configure:41543: /bin/g++ -c   conftest.cpp >&5
conftest.cpp: In function 'int main()':
conftest.cpp:28:8: error: 'big' was not declared in this scope
    not big endian
        ^~~
configure:41543: $? = 1
configure: failed program was:
| /* confdefs.h */
| #define PACKAGE_NAME "OpenJDK"
| #define PACKAGE_TARNAME "openjdk"
| #define PACKAGE_VERSION "jdk9"
| #define PACKAGE_STRING "OpenJDK jdk9"
| #define PACKAGE_BUGREPORT "build-dev@openjdk.java.net"
| #define PACKAGE_URL "http://openjdk.java.net"
| #define STDC_HEADERS 1
| #define HAVE_SYS_TYPES_H 1
| #define HAVE_SYS_STAT_H 1
| #define HAVE_STDLIB_H 1
| #define HAVE_STRING_H 1
| #define HAVE_MEMORY_H 1
| #define HAVE_STRINGS_H 1
| #define HAVE_INTTYPES_H 1
| #define HAVE_STDINT_H 1
| #define HAVE_UNISTD_H 1
| #define HAVE_STDIO_H 1
| #define SIZEOF_INT_P 8
| /* end confdefs.h.  */
| #include <sys/types.h>
| 		#include <sys/param.h>
| 
| int
| main ()
| {
| #if BYTE_ORDER != BIG_ENDIAN
| 		 not big endian
| 		#endif
| 
|   ;
|   return 0;
| }
configure:41671: result: no
configure:42422: checking if compiler supports "-m64"
configure:42438: /bin/gcc -c  -m64  conftest.c >&5
configure:42438: $? = 0
configure:42464: /bin/g++ -c  -m64  conftest.cpp >&5
configure:42464: $? = 0
configure:42478: result: yes
configure:42491: checking if compiler supports "-m64"
configure:42507: /bin/gcc -c  -m64  conftest.c >&5
configure:42507: $? = 0
configure:42533: /bin/g++ -c  -m64  conftest.cpp >&5
configure:42533: $? = 0
configure:42547: result: yes
configure:42563: checking if native warnings are errors
configure:42574: result: yes (default)
configure:42594: checking if compiler supports "-Wno-this-is-a-warning-that-do-not-exist"
configure:42610: /bin/gcc -c  -Wno-this-is-a-warning-that-do-not-exist  conftest.c >&5
configure:42610: $? = 0
configure:42636: /bin/g++ -c  -Wno-this-is-a-warning-that-do-not-exist  conftest.cpp >&5
configure:42636: $? = 0
configure:42650: result: yes
configure:42687: checking if we should generate debug symbols
configure:42712: result: true
configure:42718: checking if we should zip debug-info files
configure:42727: result: yes
configure:42871: checking what is not needed on Linux?
configure:42874: result: pulse
configure:42974: checking for X
configure:43082: /bin/g++ -E  conftest.cpp
configure:43082: $? = 0
configure:43113: /bin/g++ -o conftest    conftest.cpp -lX11  >&5
configure:43113: $? = 0
configure:43163: result: libraries , headers 
configure:43262: /bin/g++ -o conftest    conftest.cpp   -lX11 >&5
configure:43262: $? = 0
configure:43360: checking for gethostbyname
configure:43360: /bin/g++ -o conftest    conftest.cpp  >&5
configure:43360: $? = 0
configure:43360: result: yes
configure:43457: checking for connect
configure:43457: /bin/g++ -o conftest    conftest.cpp  >&5
configure:43457: $? = 0
configure:43457: result: yes
configure:43506: checking for remove
configure:43506: /bin/g++ -o conftest    conftest.cpp  >&5
configure:43506: $? = 0
configure:43506: result: yes
configure:43555: checking for shmat
configure:43555: /bin/g++ -o conftest    conftest.cpp  >&5
configure:43555: $? = 0
configure:43555: result: yes
configure:43613: checking for IceConnectionNumber in -lICE
configure:43638: /bin/g++ -o conftest    conftest.cpp -lICE   >&5
configure:43638: $? = 0
configure:43647: result: yes
configure:43720: checking for X11/extensions/shape.h
configure:43720: /bin/gcc -c     conftest.c >&5
configure:43720: $? = 0
configure:43720: result: yes
configure:43720: checking for X11/extensions/Xrender.h
configure:43720: /bin/gcc -c     conftest.c >&5
configure:43720: $? = 0
configure:43720: result: yes
configure:43720: checking for X11/extensions/XTest.h
configure:43720: /bin/gcc -c     conftest.c >&5
configure:43720: $? = 0
configure:43720: result: yes
configure:43720: checking for X11/Intrinsic.h
configure:43720: /bin/gcc -c     conftest.c >&5
configure:43720: $? = 0
configure:43720: result: yes
configure:43774: checking if XlinearGradient is defined in Xrender.h
configure:43787: /bin/gcc -c     conftest.c >&5
configure:43787: $? = 0
configure:43788: result: yes
configure:43999: checking cups/cups.h usability
configure:43999: /bin/g++ -c   conftest.cpp >&5
configure:43999: $? = 0
configure:43999: result: yes
configure:43999: checking cups/cups.h presence
configure:43999: /bin/g++ -E  conftest.cpp
configure:43999: $? = 0
configure:43999: result: yes
configure:43999: checking for cups/cups.h
configure:43999: result: yes
configure:43999: checking cups/ppd.h usability
configure:43999: /bin/g++ -c   conftest.cpp >&5
configure:43999: $? = 0
configure:43999: result: yes
configure:43999: checking cups/ppd.h presence
configure:43999: /bin/g++ -E  conftest.cpp
configure:43999: $? = 0
configure:43999: result: yes
configure:43999: checking for cups/ppd.h
configure:43999: result: yes
configure:45125: checking for FREETYPE
configure:45132: $PKG_CONFIG --exists --print-errors "freetype2"
configure:45135: $? = 0
configure:45148: $PKG_CONFIG --exists --print-errors "freetype2"
configure:45151: $? = 0
configure:45186: result: yes
configure:45203: checking for freetype
configure:45205: result: yes (using pkg-config)
configure:48159: checking if we can compile and link with freetype
configure:48184:  /bin/g++ -o conftest  -I/usr/include/freetype2 -I/usr/include/libpng16    conftest.cpp  -lfreetype >&5
configure:48184: $? = 0
configure:48186: result: yes
configure:48245: checking if we should bundle freetype
configure:48250: result: no
configure:48463: checking for ALSA
configure:48470: $PKG_CONFIG --exists --print-errors "alsa"
configure:48473: $? = 0
configure:48486: $PKG_CONFIG --exists --print-errors "alsa"
configure:48489: $? = 0
configure:48524: result: yes
configure:48603: checking for which libjpeg to use
configure:48616: result: bundled
configure:48698: checking for which giflib to use
configure:48711: result: bundled
configure:48791: checking for which lcms to use
configure:48805: result: bundled
configure:48901: checking for which libpng to use
configure:48916: result: bundled
configure:49012: checking for compress in -lz
configure:49037: /bin/g++ -o conftest  -I/usr/include/freetype2 -I/usr/include/libpng16    conftest.cpp -lz   >&5
configure:49037: $? = 0
configure:49046: result: yes
configure:49055: checking for which zlib to use
configure:49082: result: bundled
configure:49121: /bin/g++ -o conftest  -I/usr/include/freetype2 -I/usr/include/libpng16    conftest.cpp  >&5
conftest.cpp: In function 'int main()':
conftest.cpp:31:13: error: 'altzone' was not declared in this scope
 return (int)altzone;
             ^~~~~~~
conftest.cpp:31:13: note: suggested alternative: 'timezone'
 return (int)altzone;
             ^~~~~~~
             timezone
configure:49121: $? = 1
configure: failed program was:
| /* confdefs.h */
| #define PACKAGE_NAME "OpenJDK"
| #define PACKAGE_TARNAME "openjdk"
| #define PACKAGE_VERSION "jdk9"
| #define PACKAGE_STRING "OpenJDK jdk9"
| #define PACKAGE_BUGREPORT "build-dev@openjdk.java.net"
| #define PACKAGE_URL "http://openjdk.java.net"
| #define STDC_HEADERS 1
| #define HAVE_SYS_TYPES_H 1
| #define HAVE_SYS_STAT_H 1
| #define HAVE_STDLIB_H 1
| #define HAVE_STRING_H 1
| #define HAVE_MEMORY_H 1
| #define HAVE_STRINGS_H 1
| #define HAVE_INTTYPES_H 1
| #define HAVE_STDINT_H 1
| #define HAVE_UNISTD_H 1
| #define HAVE_STDIO_H 1
| #define SIZEOF_INT_P 8
| #define HAVE_X11_EXTENSIONS_SHAPE_H 1
| #define HAVE_X11_EXTENSIONS_XRENDER_H 1
| #define HAVE_X11_EXTENSIONS_XTEST_H 1
| #define HAVE_X11_INTRINSIC_H 1
| #define HAVE_CUPS_CUPS_H 1
| #define HAVE_CUPS_PPD_H 1
| /* end confdefs.h.  */
| #include <time.h>
| int
| main ()
| {
| return (int)altzone;
|   ;
|   return 0;
| }
configure:49139: checking for cos in -lm
configure:49164: /bin/g++ -o conftest  -I/usr/include/freetype2 -I/usr/include/libpng16    conftest.cpp -lm   >&5
conftest.cpp:34:6: warning: declaration of 'char cos()' conflicts with built-in declaration 'double cos(double)' [-Wbuiltin-declaration-mismatch]
 char cos ();
      ^~~
configure:49164: $? = 0
configure:49173: result: yes
configure:49198: checking for dlopen in -ldl
configure:49223: /bin/g++ -o conftest  -I/usr/include/freetype2 -I/usr/include/libpng16    conftest.cpp -ldl   >&5
configure:49223: $? = 0
configure:49232: result: yes
configure:49270: checking if dynamic link of stdc++ is possible
configure:49291: /bin/g++ -o conftest  -I/usr/include/freetype2 -I/usr/include/libpng16  -lstdc++   conftest.cpp -lm  >&5
configure:49291: $? = 0
configure:49305: result: yes
configure:49309: checking if static link of stdc++ is possible
configure:49333: /bin/gcc -o conftest  -I/usr/include/freetype2 -I/usr/include/libpng16    conftest.cpp -Wl,-Bstatic -lstdc++ -lgcc -Wl,-Bdynamic >&5
/bin/ld: cannot find -lstdc++
collect2: error: ld returned 1 exit status
configure:49333: $? = 1
configure: failed program was:
| /* confdefs.h */
| #define PACKAGE_NAME "OpenJDK"
| #define PACKAGE_TARNAME "openjdk"
| #define PACKAGE_VERSION "jdk9"
| #define PACKAGE_STRING "OpenJDK jdk9"
| #define PACKAGE_BUGREPORT "build-dev@openjdk.java.net"
| #define PACKAGE_URL "http://openjdk.java.net"
| #define STDC_HEADERS 1
| #define HAVE_SYS_TYPES_H 1
| #define HAVE_SYS_STAT_H 1
| #define HAVE_STDLIB_H 1
| #define HAVE_STRING_H 1
| #define HAVE_MEMORY_H 1
| #define HAVE_STRINGS_H 1
| #define HAVE_INTTYPES_H 1
| #define HAVE_STDINT_H 1
| #define HAVE_UNISTD_H 1
| #define HAVE_STDIO_H 1
| #define SIZEOF_INT_P 8
| #define HAVE_X11_EXTENSIONS_SHAPE_H 1
| #define HAVE_X11_EXTENSIONS_XRENDER_H 1
| #define HAVE_X11_EXTENSIONS_XTEST_H 1
| #define HAVE_X11_INTRINSIC_H 1
| #define HAVE_CUPS_CUPS_H 1
| #define HAVE_CUPS_PPD_H 1
| #define HAVE_LIBM 1
| #define HAVE_LIBDL 1
| /* end confdefs.h.  */
| 
| int
| main ()
| {
| return 0;
|   ;
|   return 0;
| }
configure:49348: result: no
configure:49363: checking how to link with libstdc++
configure:49371: result: dynamic
configure:52234: checking if elliptic curve crypto implementation is present
configure:52239: result: yes
configure:52268: checking for number of cores
configure:52295: result: 1
configure:52320: checking for memory size
configure:52348: result: 805 MB
configure:52373: checking for appropriate number of jobs to run in parallel
configure:52394: result: 1
configure:52416: checking flags for boot jdk java command 
Check if jvm arg is ok: -XX:-PrintVMOptions -XX:-UnlockDiagnosticVMOptions -XX:-LogVMOutput
Command: /lib/jvm/java-1.8.0/bin/java -XX:-PrintVMOptions -XX:-UnlockDiagnosticVMOptions -XX:-LogVMOutput -version
Arg failed:
Error: VM option 'LogVMOutput' is diagnostic and must be enabled via -XX:+UnlockDiagnosticVMOptions.
Error: Could not create the Java Virtual Machine.
Error: A fatal exception has occurred. Program will exit.
Check if jvm arg is ok: 
Command: /lib/jvm/java-1.8.0/bin/java  -version
configure:52453: result:  
configure:52461: checking flags for boot jdk java command for big workloads
Check if jvm arg is ok: -Xms64M
Command: /lib/jvm/java-1.8.0/bin/java -Xms64M -version
Check if jvm arg is ok: -Xmx512M
Command: /lib/jvm/java-1.8.0/bin/java -Xmx512M -version
Check if jvm arg is ok: -XX:ThreadStackSize=1536
Command: /lib/jvm/java-1.8.0/bin/java -XX:ThreadStackSize=1536 -version
configure:52534: result:  -Xms64M -Xmx512M -XX:ThreadStackSize=1536
configure:52541: checking flags for boot jdk java command for small workloads
Check if jvm arg is ok: -XX:+UseSerialGC
Command: /lib/jvm/java-1.8.0/bin/java -XX:+UseSerialGC -version
Check if jvm arg is ok: -Xms32M
Command: /lib/jvm/java-1.8.0/bin/java -Xms32M -version
Check if jvm arg is ok: -Xmx512M
Command: /lib/jvm/java-1.8.0/bin/java -Xmx512M -version
configure:52591: result:  -XX:+UseSerialGC -Xms32M -Xmx512M
Check if jvm arg is ok: -Xms256M -Xmx512M
Command: /lib/jvm/java-1.8.0/bin/java -Xms256M -Xmx512M -version
configure:52692: checking whether to use sjavac
configure:52694: result: no
configure:52722: checking that precompiled headers work
configure:52731: result: yes
configure:52751: checking is ccache enabled
configure:52968: result: no
configure:53077: checking if build directory is on local disk
configure:53103: result: yes
configure:53278: creating /home/ec2-user/jdk/build/linux-x86_64-normal-core-release/configure-support/config.status

## ---------------------- ##
## Running config.status. ##
## ---------------------- ##

This file was extended by OpenJDK config.status jdk9, which was
generated by GNU Autoconf 2.69.  Invocation command line was

  CONFIG_FILES    = 
  CONFIG_HEADERS  = 
  CONFIG_LINKS    = 
  CONFIG_COMMANDS = 
  $ /home/ec2-user/jdk/build/linux-x86_64-normal-core-release/configure-support/config.status 

on ip-172-31-19-145.eu-west-1.compute.internal

config.status:1110: creating /home/ec2-user/jdk/build/linux-x86_64-normal-core-release/spec.gmk
config.status:1110: creating /home/ec2-user/jdk/build/linux-x86_64-normal-core-release/hotspot-spec.gmk
config.status:1110: creating /home/ec2-user/jdk/build/linux-x86_64-normal-core-release/bootcycle-spec.gmk
config.status:1110: creating /home/ec2-user/jdk/build/linux-x86_64-normal-core-release/compare.sh
config.status:1110: creating /home/ec2-user/jdk/build/linux-x86_64-normal-core-release/Makefile

## ---------------- ##
## Cache variables. ##
## ---------------- ##

ac_cv_build=x86_64-unknown-linux-gnu
ac_cv_c_bigendian=no
ac_cv_c_compiler_gnu=yes
ac_cv_cxx_compiler_gnu=yes
ac_cv_env_ALSA_CFLAGS_set=
ac_cv_env_ALSA_CFLAGS_value=
ac_cv_env_ALSA_LIBS_set=
ac_cv_env_ALSA_LIBS_value=
ac_cv_env_AR_set=
ac_cv_env_AR_value=
ac_cv_env_AS_set=
ac_cv_env_AS_value=
ac_cv_env_AWK_set=
ac_cv_env_AWK_value=
ac_cv_env_BASENAME_set=
ac_cv_env_BASENAME_value=
ac_cv_env_BASH_set=set
ac_cv_env_BASH_value=/bin/bash
ac_cv_env_BUILD_CC_set=
ac_cv_env_BUILD_CC_value=
ac_cv_env_BUILD_CXX_set=
ac_cv_env_BUILD_CXX_value=
ac_cv_env_BUILD_LD_set=
ac_cv_env_BUILD_LD_value=
ac_cv_env_CAT_set=
ac_cv_env_CAT_value=
ac_cv_env_CCACHE_set=
ac_cv_env_CCACHE_value=
ac_cv_env_CCC_set=
ac_cv_env_CCC_value=
ac_cv_env_CC_set=
ac_cv_env_CC_value=
ac_cv_env_CFLAGS_set=
ac_cv_env_CFLAGS_value=
ac_cv_env_CHMOD_set=
ac_cv_env_CHMOD_value=
ac_cv_env_CMP_set=
ac_cv_env_CMP_value=
ac_cv_env_CODESIGN_set=
ac_cv_env_CODESIGN_value=
ac_cv_env_COMM_set=
ac_cv_env_COMM_value=
ac_cv_env_CPIO_set=
ac_cv_env_CPIO_value=
ac_cv_env_CPPFLAGS_set=
ac_cv_env_CPPFLAGS_value=
ac_cv_env_CPP_set=
ac_cv_env_CPP_value=
ac_cv_env_CP_set=
ac_cv_env_CP_value=
ac_cv_env_CUT_set=
ac_cv_env_CUT_value=
ac_cv_env_CXXCPP_set=
ac_cv_env_CXXCPP_value=
ac_cv_env_CXXFLAGS_set=
ac_cv_env_CXXFLAGS_value=
ac_cv_env_CXX_set=
ac_cv_env_CXX_value=
ac_cv_env_CYGPATH_set=
ac_cv_env_CYGPATH_value=
ac_cv_env_DATE_set=
ac_cv_env_DATE_value=
ac_cv_env_DF_set=
ac_cv_env_DF_value=
ac_cv_env_DIFF_set=
ac_cv_env_DIFF_value=
ac_cv_env_DIRNAME_set=
ac_cv_env_DIRNAME_value=
ac_cv_env_DSYMUTIL_set=
ac_cv_env_DSYMUTIL_value=
ac_cv_env_ECHO_set=
ac_cv_env_ECHO_value=
ac_cv_env_EGREP_set=
ac_cv_env_EGREP_value=
ac_cv_env_EXPR_set=
ac_cv_env_EXPR_value=
ac_cv_env_FGREP_set=
ac_cv_env_FGREP_value=
ac_cv_env_FILE_set=
ac_cv_env_FILE_value=
ac_cv_env_FIND_set=
ac_cv_env_FIND_value=
ac_cv_env_FREETYPE_CFLAGS_set=
ac_cv_env_FREETYPE_CFLAGS_value=
ac_cv_env_FREETYPE_LIBS_set=
ac_cv_env_FREETYPE_LIBS_value=
ac_cv_env_GNM_set=
ac_cv_env_GNM_value=
ac_cv_env_GREP_set=
ac_cv_env_GREP_value=
ac_cv_env_HEAD_set=
ac_cv_env_HEAD_value=
ac_cv_env_HG_set=
ac_cv_env_HG_value=
ac_cv_env_JARSIGNER_set=
ac_cv_env_JARSIGNER_value=
ac_cv_env_JAR_set=
ac_cv_env_JAR_value=
ac_cv_env_JAVAC_set=
ac_cv_env_JAVAC_value=
ac_cv_env_JAVAH_set=
ac_cv_env_JAVAH_value=
ac_cv_env_JAVA_set=
ac_cv_env_JAVA_value=
ac_cv_env_JTREGEXE_set=
ac_cv_env_JTREGEXE_value=
ac_cv_env_LCMS_CFLAGS_set=
ac_cv_env_LCMS_CFLAGS_value=
ac_cv_env_LCMS_LIBS_set=
ac_cv_env_LCMS_LIBS_value=
ac_cv_env_LDD_set=
ac_cv_env_LDD_value=
ac_cv_env_LDFLAGS_set=
ac_cv_env_LDFLAGS_value=
ac_cv_env_LIBFFI_CFLAGS_set=
ac_cv_env_LIBFFI_CFLAGS_value=
ac_cv_env_LIBFFI_LIBS_set=
ac_cv_env_LIBFFI_LIBS_value=
ac_cv_env_LIBS_set=
ac_cv_env_LIBS_value=
ac_cv_env_LIPO_set=
ac_cv_env_LIPO_value=
ac_cv_env_LN_set=
ac_cv_env_LN_value=
ac_cv_env_LS_set=
ac_cv_env_LS_value=
ac_cv_env_MKDIR_set=
ac_cv_env_MKDIR_value=
ac_cv_env_MKTEMP_set=
ac_cv_env_MKTEMP_value=
ac_cv_env_MV_set=
ac_cv_env_MV_value=
ac_cv_env_NAWK_set=
ac_cv_env_NAWK_value=
ac_cv_env_NM_set=
ac_cv_env_NM_value=
ac_cv_env_OBJCOPY_set=
ac_cv_env_OBJCOPY_value=
ac_cv_env_OBJDUMP_set=
ac_cv_env_OBJDUMP_value=
ac_cv_env_OTOOL_set=
ac_cv_env_OTOOL_value=
ac_cv_env_PKG_CONFIG_set=
ac_cv_env_PKG_CONFIG_value=
ac_cv_env_PNG_CFLAGS_set=
ac_cv_env_PNG_CFLAGS_value=
ac_cv_env_PNG_LIBS_set=
ac_cv_env_PNG_LIBS_value=
ac_cv_env_PRINTF_set=
ac_cv_env_PRINTF_value=
ac_cv_env_READELF_set=
ac_cv_env_READELF_value=
ac_cv_env_READLINK_set=
ac_cv_env_READLINK_value=
ac_cv_env_RM_set=
ac_cv_env_RM_value=
ac_cv_env_SED_set=
ac_cv_env_SED_value=
ac_cv_env_SETFILE_set=
ac_cv_env_SETFILE_value=
ac_cv_env_SH_set=
ac_cv_env_SH_value=
ac_cv_env_SORT_set=
ac_cv_env_SORT_value=
ac_cv_env_STAT_set=
ac_cv_env_STAT_value=
ac_cv_env_STRIP_set=
ac_cv_env_STRIP_value=
ac_cv_env_TAIL_set=
ac_cv_env_TAIL_value=
ac_cv_env_TAR_set=
ac_cv_env_TAR_value=
ac_cv_env_TEE_set=
ac_cv_env_TEE_value=
ac_cv_env_TIME_set=
ac_cv_env_TIME_value=
ac_cv_env_TOUCH_set=
ac_cv_env_TOUCH_value=
ac_cv_env_TR_set=
ac_cv_env_TR_value=
ac_cv_env_UNAME_set=
ac_cv_env_UNAME_value=
ac_cv_env_UNIQ_set=
ac_cv_env_UNIQ_value=
ac_cv_env_UNZIP_set=
ac_cv_env_UNZIP_value=
ac_cv_env_WC_set=
ac_cv_env_WC_value=
ac_cv_env_WHICH_set=
ac_cv_env_WHICH_value=
ac_cv_env_XARGS_set=
ac_cv_env_XARGS_value=
ac_cv_env_XATTR_set=
ac_cv_env_XATTR_value=
ac_cv_env_XMKMF_set=
ac_cv_env_XMKMF_value=
ac_cv_env_ZIP_set=
ac_cv_env_ZIP_value=
ac_cv_env_build_alias_set=
ac_cv_env_build_alias_value=
ac_cv_env_host_alias_set=
ac_cv_env_host_alias_value=
ac_cv_env_target_alias_set=
ac_cv_env_target_alias_value=
ac_cv_func_connect=yes
ac_cv_func_gethostbyname=yes
ac_cv_func_remove=yes
ac_cv_func_shmat=yes
ac_cv_have_x='have_x=yes	ac_x_includes='\'''\''	ac_x_libraries='\'''\'''
ac_cv_header_X11_Intrinsic_h=yes
ac_cv_header_X11_extensions_XTest_h=yes
ac_cv_header_X11_extensions_Xrender_h=yes
ac_cv_header_X11_extensions_shape_h=yes
ac_cv_header_cups_cups_h=yes
ac_cv_header_cups_ppd_h=yes
ac_cv_header_inttypes_h=yes
ac_cv_header_memory_h=yes
ac_cv_header_stdc=yes
ac_cv_header_stdint_h=yes
ac_cv_header_stdio_h=yes
ac_cv_header_stdlib_h=yes
ac_cv_header_string_h=yes
ac_cv_header_strings_h=yes
ac_cv_header_sys_stat_h=yes
ac_cv_header_sys_types_h=yes
ac_cv_header_unistd_h=yes
ac_cv_host=x86_64-unknown-linux-gnu
ac_cv_lib_ICE_IceConnectionNumber=yes
ac_cv_lib_dl_dlopen=yes
ac_cv_lib_m_cos=yes
ac_cv_lib_z_compress=yes
ac_cv_objext=o
ac_cv_path_BASENAME=/bin/basename
ac_cv_path_BASH=/bin/bash
ac_cv_path_CAT=/bin/cat
ac_cv_path_CHECK_GMAKE=/bin/gmake
ac_cv_path_CHMOD=/bin/chmod
ac_cv_path_CMP=/bin/cmp
ac_cv_path_COMM=/bin/comm
ac_cv_path_CP=/bin/cp
ac_cv_path_CPIO=/bin/cpio
ac_cv_path_CUT=/bin/cut
ac_cv_path_DATE=/bin/date
ac_cv_path_DF=/bin/df
ac_cv_path_DIFF=/bin/diff
ac_cv_path_DIRNAME=/bin/dirname
ac_cv_path_ECHO=/bin/echo
ac_cv_path_EGREP='/bin/grep -E'
ac_cv_path_EXPR=/bin/expr
ac_cv_path_FGREP='/bin/grep -F'
ac_cv_path_FILE=/bin/file
ac_cv_path_FIND=/bin/find
ac_cv_path_GREP=/bin/grep
ac_cv_path_HEAD=/bin/head
ac_cv_path_LDD=/bin/ldd
ac_cv_path_LN=/bin/ln
ac_cv_path_LS=/bin/ls
ac_cv_path_MKDIR=/bin/mkdir
ac_cv_path_MKTEMP=/bin/mktemp
ac_cv_path_MV=/bin/mv
ac_cv_path_NAWK=/bin/gawk
ac_cv_path_POTENTIAL_CC=/bin/gcc
ac_cv_path_POTENTIAL_CXX=/bin/g++
ac_cv_path_PRINTF=/bin/printf
ac_cv_path_READELF=/bin/readelf
ac_cv_path_READLINK=/bin/readlink
ac_cv_path_RM=/bin/rm
ac_cv_path_SED=/bin/sed
ac_cv_path_SH=/bin/sh
ac_cv_path_SORT=/bin/sort
ac_cv_path_STAT=/bin/stat
ac_cv_path_TAIL=/bin/tail
ac_cv_path_TAR=/bin/tar
ac_cv_path_TEE=/bin/tee
ac_cv_path_TOUCH=/bin/touch
ac_cv_path_TR=/bin/tr
ac_cv_path_UNAME=/bin/uname
ac_cv_path_UNIQ=/bin/uniq
ac_cv_path_UNZIP=/bin/unzip
ac_cv_path_WC=/bin/wc
ac_cv_path_WHICH=/bin/which
ac_cv_path_XARGS=/bin/xargs
ac_cv_path_ZIP=/bin/zip
ac_cv_path_ac_pt_PKG_CONFIG=/bin/pkg-config
ac_cv_prog_AWK=gawk
ac_cv_prog_BDEPS_UNZIP=unzip
ac_cv_prog_CPP='/bin/gcc -E'
ac_cv_prog_CXXCPP='/bin/g++ -E'
ac_cv_prog_PKGHANDLER=yum
ac_cv_prog_ac_ct_AR=ar
ac_cv_prog_ac_ct_NM=nm
ac_cv_prog_ac_ct_OBJCOPY=objcopy
ac_cv_prog_ac_ct_OBJDUMP=objdump
ac_cv_prog_ac_ct_STRIP=strip
ac_cv_prog_cc_c89=
ac_cv_prog_cc_g=yes
ac_cv_prog_cxx_g=yes
ac_cv_sizeof_int_p=8
ac_cv_target=x86_64-unknown-linux-gnu
pkg_cv_ALSA_CFLAGS=
pkg_cv_ALSA_LIBS='-lasound '
pkg_cv_FREETYPE_CFLAGS='-I/usr/include/freetype2 -I/usr/include/libpng16 '
pkg_cv_FREETYPE_LIBS='-lfreetype '

## ----------------- ##
## Output variables. ##
## ----------------- ##

ADD_SRC_ROOT=''
ALSA_CFLAGS=''
ALSA_LIBS='-lasound '
AR='/bin/ar'
ARFLAGS=''
AR_OUT_OPTION='rcs$(SPACE)'
AS='/bin/gcc -c'
AWK='gawk'
BASENAME='/bin/basename'
BASH='/bin/bash'
BASH_ARGS=' -o pipefail -e'
BDEPS_FTP=''
BDEPS_UNZIP='unzip'
BOOT_JDK='/lib/jvm/java-1.8.0'
BOOT_JDK_SOURCETARGET='-source 8 -target 8'
BUILD_CC='/bin/gcc'
BUILD_CXX='/bin/g++'
BUILD_HEADLESS='BUILD_HEADLESS:=true'
BUILD_HOTSPOT='true'
BUILD_LD='/bin/gcc'
BUILD_OUTPUT='/home/ec2-user/jdk/build/linux-x86_64-normal-core-release'
BUILD_VARIANT_RELEASE=''
CACERTS_FILE=''
CANONICAL_TOPDIR='/home/ec2-user/jdk'
CAT='/bin/cat'
CC='/bin/gcc'
CCACHE=''
CC_OUT_OPTION='-o$(SPACE)'
CFLAGS=''
CFLAGS_CCACHE=''
CFLAGS_DEBUG_SYMBOLS='-g'
CFLAGS_JDKEXE='  -Wall -Wextra -Wno-unused -Wno-unused-parameter -Wformat=2         -pipe -D_GNU_SOURCE -D_REENTRANT -D_LARGEFILE64_SOURCE -fno-omit-frame-pointer -D_LP64=1 -D_LITTLE_ENDIAN -DLINUX -DARCH='\''"amd64"'\'' -Damd64 -DNDEBUG -DRELEASE='\''"$(RELEASE)"'\''       -I/home/ec2-user/jdk/jdk/src/java.base/share/native/include       -I/home/ec2-user/jdk/jdk/src/java.base/linux/native/include       -I/home/ec2-user/jdk/jdk/src/java.base/unix/native/include   -fno-strict-aliasing'
CFLAGS_JDKLIB='  -Wall -Wextra -Wno-unused -Wno-unused-parameter -Wformat=2         -pipe -D_GNU_SOURCE -D_REENTRANT -D_LARGEFILE64_SOURCE -fno-omit-frame-pointer -D_LP64=1 -D_LITTLE_ENDIAN -DLINUX -DARCH='\''"amd64"'\'' -Damd64 -DNDEBUG -DRELEASE='\''"$(RELEASE)"'\''       -I/home/ec2-user/jdk/jdk/src/java.base/share/native/include       -I/home/ec2-user/jdk/jdk/src/java.base/linux/native/include       -I/home/ec2-user/jdk/jdk/src/java.base/unix/native/include   -fno-strict-aliasing -fPIC '
CFLAGS_TESTEXE='  -Wall -Wextra -Wno-unused -Wno-unused-parameter -Wformat=2         -pipe -D_GNU_SOURCE -D_REENTRANT -D_LARGEFILE64_SOURCE -fno-omit-frame-pointer -D_LP64=1 -D_LITTLE_ENDIAN -DLINUX -DARCH='\''"amd64"'\'' -Damd64 -DNDEBUG -DRELEASE='\''"$(RELEASE)"'\''       -I/home/ec2-user/jdk/jdk/src/java.base/share/native/include       -I/home/ec2-user/jdk/jdk/src/java.base/linux/native/include       -I/home/ec2-user/jdk/jdk/src/java.base/unix/native/include   -fno-strict-aliasing'
CFLAGS_TESTLIB='  -Wall -Wextra -Wno-unused -Wno-unused-parameter -Wformat=2         -pipe -D_GNU_SOURCE -D_REENTRANT -D_LARGEFILE64_SOURCE -fno-omit-frame-pointer -D_LP64=1 -D_LITTLE_ENDIAN -DLINUX -DARCH='\''"amd64"'\'' -Damd64 -DNDEBUG -DRELEASE='\''"$(RELEASE)"'\''       -I/home/ec2-user/jdk/jdk/src/java.base/share/native/include       -I/home/ec2-user/jdk/jdk/src/java.base/linux/native/include       -I/home/ec2-user/jdk/jdk/src/java.base/unix/native/include   -fno-strict-aliasing -fPIC '
CFLAGS_WARNINGS_ARE_ERRORS='-Werror'
CHECK_GMAKE='/bin/gmake'
CHECK_MAKE=''
CHECK_TOOLSDIR_GMAKE=''
CHECK_TOOLSDIR_MAKE=''
CHMOD='/bin/chmod'
CMP='/bin/cmp'
CODESIGN=''
COMM='/bin/comm'
COMPANY_NAME='N/A'
COMPILER_SUPPORTS_TARGET_BITS_FLAG='true'
COMPILER_TARGET_BITS_FLAG='-m'
COMPILE_TYPE='native'
COMPRESS_JARS='false'
CONFIGURESUPPORT_OUTPUTDIR='/home/ec2-user/jdk/build/linux-x86_64-normal-core-release/configure-support'
CONFIGURE_COMMAND_LINE='--with-boot-jdk=/lib/jvm/java-1.8.0/ --with-jvm-variants=core'
CONF_NAME='linux-x86_64-normal-core-release'
COOKED_BUILD_NUMBER='0'
COPYRIGHT_YEAR='2021'
CORBA_TOPDIR='/home/ec2-user/jdk/corba'
CP='/bin/cp'
CPIO='/bin/cpio'
CPP='/bin/gcc -E'
CPPFLAGS=''
CUPS_CFLAGS=''
CUT='/bin/cut'
CXX='/bin/g++'
CXXCPP='/bin/g++ -E'
CXXFLAGS=' -I/usr/include/freetype2 -I/usr/include/libpng16 '
CXXFLAGS_DEBUG_SYMBOLS='-g'
CXXFLAGS_JDKEXE='  -Wall -Wextra -Wno-unused -Wno-unused-parameter -Wformat=2         -pipe -D_GNU_SOURCE -D_REENTRANT -D_LARGEFILE64_SOURCE -fno-omit-frame-pointer -D_LP64=1 -D_LITTLE_ENDIAN -DLINUX -DARCH='\''"amd64"'\'' -Damd64 -DNDEBUG -DRELEASE='\''"$(RELEASE)"'\''       -I/home/ec2-user/jdk/jdk/src/java.base/share/native/include       -I/home/ec2-user/jdk/jdk/src/java.base/linux/native/include       -I/home/ec2-user/jdk/jdk/src/java.base/unix/native/include  '
CXXFLAGS_JDKLIB='  -Wall -Wextra -Wno-unused -Wno-unused-parameter -Wformat=2         -pipe -D_GNU_SOURCE -D_REENTRANT -D_LARGEFILE64_SOURCE -fno-omit-frame-pointer -D_LP64=1 -D_LITTLE_ENDIAN -DLINUX -DARCH='\''"amd64"'\'' -Damd64 -DNDEBUG -DRELEASE='\''"$(RELEASE)"'\''       -I/home/ec2-user/jdk/jdk/src/java.base/share/native/include       -I/home/ec2-user/jdk/jdk/src/java.base/linux/native/include       -I/home/ec2-user/jdk/jdk/src/java.base/unix/native/include   -fPIC '
CXXFLAGS_TESTEXE='  -Wall -Wextra -Wno-unused -Wno-unused-parameter -Wformat=2         -pipe -D_GNU_SOURCE -D_REENTRANT -D_LARGEFILE64_SOURCE -fno-omit-frame-pointer -D_LP64=1 -D_LITTLE_ENDIAN -DLINUX -DARCH='\''"amd64"'\'' -Damd64 -DNDEBUG -DRELEASE='\''"$(RELEASE)"'\''       -I/home/ec2-user/jdk/jdk/src/java.base/share/native/include       -I/home/ec2-user/jdk/jdk/src/java.base/linux/native/include       -I/home/ec2-user/jdk/jdk/src/java.base/unix/native/include  '
CXXFLAGS_TESTLIB='  -Wall -Wextra -Wno-unused -Wno-unused-parameter -Wformat=2         -pipe -D_GNU_SOURCE -D_REENTRANT -D_LARGEFILE64_SOURCE -fno-omit-frame-pointer -D_LP64=1 -D_LITTLE_ENDIAN -DLINUX -DARCH='\''"amd64"'\'' -Damd64 -DNDEBUG -DRELEASE='\''"$(RELEASE)"'\''       -I/home/ec2-user/jdk/jdk/src/java.base/share/native/include       -I/home/ec2-user/jdk/jdk/src/java.base/linux/native/include       -I/home/ec2-user/jdk/jdk/src/java.base/unix/native/include   -fPIC '
CXX_FLAG_DEPS='-MMD -MF'
CXX_FLAG_REORDER=''
CXX_O_FLAG_DEBUG='-O0'
CXX_O_FLAG_HI='-O3'
CXX_O_FLAG_HIGHEST='-O3'
CXX_O_FLAG_NONE='-O0'
CXX_O_FLAG_NORM='-O2'
CYGPATH=''
CYGWIN_LINK=''
C_FLAG_DEPS='-MMD -MF'
C_FLAG_REORDER=''
C_O_FLAG_DEBUG='-O0'
C_O_FLAG_HI='-O3'
C_O_FLAG_HIGHEST='-O3'
C_O_FLAG_NONE='-O0'
C_O_FLAG_NORM='-O2'
DATE='/bin/date'
DATE_WHEN_CONFIGURED='Wed Apr 28 22:42:32 UTC 2021'
DEBUG_CLASSFILES='false'
DEBUG_LEVEL='release'
DEFINE_CROSS_COMPILE_ARCH=''
DEFS='-DPACKAGE_NAME=\"OpenJDK\" -DPACKAGE_TARNAME=\"openjdk\" -DPACKAGE_VERSION=\"jdk9\" -DPACKAGE_STRING=\"OpenJDK\ jdk9\" -DPACKAGE_BUGREPORT=\"build-dev@openjdk.java.net\" -DPACKAGE_URL=\"http://openjdk.java.net\" -DSTDC_HEADERS=1 -DHAVE_SYS_TYPES_H=1 -DHAVE_SYS_STAT_H=1 -DHAVE_STDLIB_H=1 -DHAVE_STRING_H=1 -DHAVE_MEMORY_H=1 -DHAVE_STRINGS_H=1 -DHAVE_INTTYPES_H=1 -DHAVE_STDINT_H=1 -DHAVE_UNISTD_H=1 -DHAVE_STDIO_H=1 -DSIZEOF_INT_P=8 -DHAVE_X11_EXTENSIONS_SHAPE_H=1 -DHAVE_X11_EXTENSIONS_XRENDER_H=1 -DHAVE_X11_EXTENSIONS_XTEST_H=1 -DHAVE_X11_INTRINSIC_H=1 -DHAVE_CUPS_CUPS_H=1 -DHAVE_CUPS_PPD_H=1 -DHAVE_LIBM=1 -DHAVE_LIBDL=1'
DF='/bin/df'
DIFF='/bin/diff'
DIRNAME='/bin/dirname'
DISABLE_WARNING_PREFIX='-Wno-'
DSYMUTIL=''
DUMPBIN=''
ECHO='/bin/echo'
ECHO_C=''
ECHO_N='-n'
ECHO_T=''
EGREP='/bin/grep -E'
ENABLE_DEBUG_SYMBOLS='true'
ENABLE_INTREE_EC='yes'
ENABLE_SJAVAC='no'
EXEEXT=''
EXE_OUT_OPTION='-o$(SPACE)'
EXE_SUFFIX=''
EXPR='/bin/expr'
FASTDEBUG='false'
FGREP='/bin/grep -F'
FILE='/bin/file'
FIND='/bin/find'
FIND_DELETE='-delete'
FIXPATH=''
FREETYPE_BUNDLE_LIB_PATH=''
FREETYPE_CFLAGS='-I/usr/include/freetype2 -I/usr/include/libpng16 '
FREETYPE_LIBS='-lfreetype'
GCOV_ENABLED='false'
GNM='/bin/nm'
GREP='/bin/grep'
HEAD='/bin/head'
HG=''
HOTSPOT_CXX='/bin/g++'
HOTSPOT_DIST='/home/ec2-user/jdk/build/linux-x86_64-normal-core-release/hotspot/dist'
HOTSPOT_LD='/bin/gcc'
HOTSPOT_MAKE_ARGS='productcore  docs export_product'
HOTSPOT_MT=''
HOTSPOT_RC=''
HOTSPOT_TOPDIR='/home/ec2-user/jdk/hotspot'
INCLUDE_SA='true'
IS_GNU_TIME='no'
JAR='/lib/jvm/java-1.8.0/bin/jar'
JARSIGNER='/lib/jvm/java-1.8.0/bin/jarsigner'
JAVA='/lib/jvm/java-1.8.0/bin/java'
JAVAC='/lib/jvm/java-1.8.0/bin/javac'
JAVAC_CHECK=''
JAVAC_FLAGS=''
JAVAH='/lib/jvm/java-1.8.0/bin/javah'
JAVA_CHECK=''
JAVA_FLAGS=' '
JAVA_FLAGS_BIG=' -Xms64M -Xmx512M -XX:ThreadStackSize=1536'
JAVA_FLAGS_SMALL=' -XX:+UseSerialGC -Xms32M -Xmx512M'
JAVA_TOOL_FLAGS_SMALL=' -J-XX:+UseSerialGC -J-Xms32M -J-Xmx512M'
JAXP_TOPDIR='/home/ec2-user/jdk/jaxp'
JAXWS_TOPDIR='/home/ec2-user/jdk/jaxws'
JDK_BUILD_NUMBER='b00'
JDK_MAJOR_VERSION='1'
JDK_MICRO_VERSION='0'
JDK_MINOR_VERSION='9'
JDK_RC_PLATFORM_NAME='Platform'
JDK_TOPDIR='/home/ec2-user/jdk/jdk'
JDK_UPDATE_VERSION=''
JDK_VARIANT='normal'
JDK_VERSION='1.9.0'
JOBS='1'
JTREGEXE=''
JT_HOME=''
JVM_INTERPRETER='template'
JVM_VARIANTS=',core,'
JVM_VARIANT_CLIENT='false'
JVM_VARIANT_CORE='true'
JVM_VARIANT_KERNEL='false'
JVM_VARIANT_MINIMAL1='false'
JVM_VARIANT_SERVER='false'
JVM_VARIANT_ZERO='false'
JVM_VARIANT_ZEROSHARK='false'
LANGTOOLS_TOPDIR='/home/ec2-user/jdk/langtools'
LAUNCHER_NAME='openjdk'
LCMS_CFLAGS=''
LCMS_LIBS=''
LD='/bin/gcc'
LDCXX='/bin/g++'
LDD='/bin/ldd'
LDFLAGS=''
LDFLAGS_CXX_JDK=''
LDFLAGS_JDKEXE='  -Xlinker --hash-style=both -Xlinker -z -Xlinker defs -Xlinker -O1 -Xlinker --allow-shlib-undefined'
LDFLAGS_JDKEXE_SUFFIX=''
LDFLAGS_JDKLIB='  -Xlinker --hash-style=both -Xlinker -z -Xlinker defs -Xlinker -O1  -shared         -L/home/ec2-user/jdk/build/linux-x86_64-normal-core-release/support/modules_libs/java.base/amd64 -L/home/ec2-user/jdk/build/linux-x86_64-normal-core-release/support/modules_libs/java.base/amd64/server'
LDFLAGS_JDKLIB_SUFFIX='-ljava -ljvm'
LDFLAGS_TESTEXE='  -Xlinker --hash-style=both -Xlinker -z -Xlinker defs -Xlinker -O1 -Xlinker --allow-shlib-undefined'
LDFLAGS_TESTEXE_SUFFIX=''
LDFLAGS_TESTLIB='  -Xlinker --hash-style=both -Xlinker -z -Xlinker defs -Xlinker -O1  -shared         -L/home/ec2-user/jdk/build/linux-x86_64-normal-core-release/support/modules_libs/java.base/amd64 -L/home/ec2-user/jdk/build/linux-x86_64-normal-core-release/support/modules_libs/java.base/amd64/server'
LDFLAGS_TESTLIB_SUFFIX='-ljava -ljvm'
LD_OUT_OPTION='-o$(SPACE)'
LEGACY_EXTRA_CFLAGS=' '
LEGACY_EXTRA_CXXFLAGS=' '
LEGACY_EXTRA_LDFLAGS=' '
LIBCXX=' -lstdc++'
LIBDL='-ldl '
LIBFFI_CFLAGS=''
LIBFFI_LIBS=''
LIBM=''
LIBOBJS=''
LIBRARY_PREFIX='lib'
LIBS='-lm '
LIBZIP_CAN_USE_MMAP='true'
LIPO=''
LLVM_CFLAGS=''
LLVM_CONFIG=''
LLVM_LDFLAGS=''
LLVM_LIBS=''
LN='/bin/ln'
LP64='LP64:='
LS='/bin/ls'
LTLIBOBJS=''
MACOSX_BUNDLE_ID_BASE='net.java.openjdk'
MACOSX_BUNDLE_NAME_BASE='OpenJDK'
MACOSX_UNIVERSAL=''
MACOSX_VERSION_MIN=''
MAKE='/bin/gmake'
MEMORY_SIZE='805'
MILESTONE='internal'
MKDIR='/bin/mkdir'
MKTEMP='/bin/mktemp'
MSBUILD=''
MSVCP_DLL=''
MSVCR_DLL=''
MT=''
MV='/bin/mv'
NASHORN_TOPDIR='/home/ec2-user/jdk/nashorn'
NAWK='/bin/gawk'
NM='/bin/nm'
NUM_CORES='1'
OBJCOPY='/bin/objcopy'
OBJDUMP='/bin/objdump'
OBJEXT='o'
OBJ_SUFFIX='.o'
OPENJDK_BUILD_AUTOCONF_NAME='x86_64-unknown-linux-gnu'
OPENJDK_BUILD_CPU='x86_64'
OPENJDK_BUILD_CPU_ARCH='x86'
OPENJDK_BUILD_CPU_BITS='64'
OPENJDK_BUILD_CPU_ENDIAN='little'
OPENJDK_BUILD_OS='linux'
OPENJDK_BUILD_OS_ENV='linux'
OPENJDK_BUILD_OS_TYPE='unix'
OPENJDK_TARGET_AUTOCONF_NAME='x86_64-unknown-linux-gnu'
OPENJDK_TARGET_CPU='x86_64'
OPENJDK_TARGET_CPU_ARCH='x86'
OPENJDK_TARGET_CPU_BITS='64'
OPENJDK_TARGET_CPU_ENDIAN='little'
OPENJDK_TARGET_CPU_ISADIR=''
OPENJDK_TARGET_CPU_JLI_CFLAGS='-DLIBARCHNAME='\''"amd64"'\'''
OPENJDK_TARGET_CPU_LEGACY='amd64'
OPENJDK_TARGET_CPU_LEGACY_LIB='amd64'
OPENJDK_TARGET_CPU_LIBDIR='/amd64'
OPENJDK_TARGET_CPU_OSARCH='amd64'
OPENJDK_TARGET_OS='linux'
OPENJDK_TARGET_OS_ENV='linux'
OPENJDK_TARGET_OS_EXPORT_DIR='unix'
OPENJDK_TARGET_OS_TYPE='unix'
ORIGINAL_PATH='/usr/local/bin:/sbin:/bin:/usr/sbin:/usr/bin'
ORIGINAL_TOPDIR='/home/ec2-user/jdk'
OS_VERSION_MAJOR='4'
OS_VERSION_MICRO='0'
OS_VERSION_MINOR='18'
OTOOL='true'
OUTPUT_ROOT='/home/ec2-user/jdk/build/linux-x86_64-normal-core-release'
OUTPUT_SYNC='none'
OUTPUT_SYNC_SUPPORTED='true'
OVERRIDE_SRC_ROOT=''
PACKAGE_BUGREPORT='build-dev@openjdk.java.net'
PACKAGE_NAME='OpenJDK'
PACKAGE_PATH='/opt/local'
PACKAGE_STRING='OpenJDK jdk9'
PACKAGE_TARNAME='openjdk'
PACKAGE_URL='http://openjdk.java.net'
PACKAGE_VERSION='jdk9'
PATH_SEP=':'
PATH_SEPARATOR=':'
PKGHANDLER='yum'
PKG_CONFIG='/bin/pkg-config'
PNG_CFLAGS=''
PNG_LIBS=''
POST_STRIP_CMD='/bin/strip -g'
POTENTIAL_CC='/bin/gcc'
POTENTIAL_CXX='/bin/g++'
PRINTF='/bin/printf'
PRODUCT_NAME='OpenJDK'
PRODUCT_SUFFIX='Runtime Environment'
PROPER_COMPILER_CC=''
PROPER_COMPILER_CXX=''
RC=''
RC_FLAGS=''
READELF='/bin/readelf'
READLINK='/bin/readlink'
REQUIRED_OS_NAME='Linux'
REQUIRED_OS_VERSION='2.6'
RM='/bin/rm -f'
RMICONNECTOR_IIOP='false'
SALIB_NAME='libsaproc.so'
SDKROOT=''
SED='/bin/sed'
SETFILE=''
SET_EXECUTABLE_ORIGIN='-Xlinker -rpath -Xlinker \$$$$ORIGIN$1'
SET_OPENJDK='OPENJDK=true'
SET_SHARED_LIBRARY_MAPFILE='-Xlinker -version-script=$1'
SET_SHARED_LIBRARY_NAME='-Xlinker -soname=$1'
SET_SHARED_LIBRARY_ORIGIN='-Xlinker -z -Xlinker origin -Xlinker -rpath -Xlinker \$$$$ORIGIN$1'
SH='/bin/sh'
SHARED_LIBRARY='lib$1.so'
SHARED_LIBRARY_SUFFIX='.so'
SHELL='/bin/bash'
SJAVAC_SERVER_JAVA='/lib/jvm/java-1.8.0/bin/java'
SJAVAC_SERVER_JAVA_FLAGS=' -Xms256M -Xmx512M'
SORT='/bin/sort'
SPEC='/home/ec2-user/jdk/build/linux-x86_64-normal-core-release/spec.gmk'
STAT='/bin/stat'
STATIC_CXX_SETTING='STATIC_CXX=false'
STATIC_LIBRARY='lib$1.a'
STATIC_LIBRARY_SUFFIX='.a'
STRIP='/bin/strip'
SUPPORT_HEADFUL='yes'
SUPPORT_HEADLESS='yes'
SYSROOT_CFLAGS=''
SYSROOT_LDFLAGS=''
TAIL='/bin/tail'
TAR='/bin/tar'
TEE='/bin/tee'
TEST_IN_BUILD='false'
TIME=''
TOOLCHAIN_PATH_CC=''
TOOLCHAIN_PATH_CXX=''
TOOLCHAIN_TYPE='gcc'
TOPDIR='/home/ec2-user/jdk'
TOUCH='/bin/touch'
TR='/bin/tr'
UNAME='/bin/uname'
UNIQ='/bin/uniq'
UNLIMITED_CRYPTO='false'
UNZIP='/bin/unzip'
USER_RELEASE_SUFFIX='root_2021_04_28_22_42'
USE_CLANG=''
USE_EXTERNAL_LCMS='false'
USE_EXTERNAL_LIBGIF='false'
USE_EXTERNAL_LIBJPEG='false'
USE_EXTERNAL_LIBPNG='false'
USE_EXTERNAL_LIBZ='false'
USE_PRECOMPILED_HEADER='1'
USING_BROKEN_SUSE_LD='no'
VARIANT='OPT'
VS_INCLUDE=''
VS_LIB=''
VS_PATH=''
WARNINGS_AS_ERRORS='true'
WC='/bin/wc'
WHICH='/bin/which'
XARGS='/bin/xargs'
XATTR=''
XCODEBUILD=''
XMKMF=''
X_CFLAGS=''
X_EXTRA_LIBS=''
X_LIBS=''
X_PRE_LIBS=' -lSM -lICE'
ZERO_ARCHDEF='AMD64'
ZERO_ARCHFLAG='-m64'
ZIP='/bin/zip'
ZIP_DEBUGINFO_FILES='true'
ac_ct_AR='ar'
ac_ct_CC=''
ac_ct_CXX=''
ac_ct_NM='nm'
ac_ct_OBJCOPY='objcopy'
ac_ct_OBJDUMP='objdump'
ac_ct_PROPER_COMPILER_CC=''
ac_ct_PROPER_COMPILER_CXX=''
ac_ct_STRIP='strip'
bindir='${exec_prefix}/bin'
build='x86_64-unknown-linux-gnu'
build_alias=''
build_cpu='x86_64'
build_os='linux-gnu'
build_vendor='unknown'
datadir='${datarootdir}'
datarootdir='${prefix}/share'
docdir='${datarootdir}/doc/${PACKAGE_TARNAME}'
dvidir='${docdir}'
exec_prefix='${prefix}'
host='x86_64-unknown-linux-gnu'
host_alias=''
host_cpu='x86_64'
host_os='linux-gnu'
host_vendor='unknown'
htmldir='${docdir}'
includedir='${prefix}/include'
infodir='${datarootdir}/info'
libdir='${exec_prefix}/lib'
libexecdir='${exec_prefix}/libexec'
localedir='${datarootdir}/locale'
localstatedir='${prefix}/var'
mandir='${datarootdir}/man'
oldincludedir='/usr/include'
pdfdir='${docdir}'
prefix='/usr/local'
program_transform_name='s,x,x,'
psdir='${docdir}'
sbindir='${exec_prefix}/sbin'
sharedstatedir='${prefix}/com'
sysconfdir='${prefix}/etc'
target='x86_64-unknown-linux-gnu'
target_alias=''
target_cpu='x86_64'
target_os='linux-gnu'
target_vendor='unknown'

## ----------- ##
## confdefs.h. ##
## ----------- ##

/* confdefs.h */
#define PACKAGE_NAME "OpenJDK"
#define PACKAGE_TARNAME "openjdk"
#define PACKAGE_VERSION "jdk9"
#define PACKAGE_STRING "OpenJDK jdk9"
#define PACKAGE_BUGREPORT "build-dev@openjdk.java.net"
#define PACKAGE_URL "http://openjdk.java.net"
#define STDC_HEADERS 1
#define HAVE_SYS_TYPES_H 1
#define HAVE_SYS_STAT_H 1
#define HAVE_STDLIB_H 1
#define HAVE_STRING_H 1
#define HAVE_MEMORY_H 1
#define HAVE_STRINGS_H 1
#define HAVE_INTTYPES_H 1
#define HAVE_STDINT_H 1
#define HAVE_UNISTD_H 1
#define HAVE_STDIO_H 1
#define SIZEOF_INT_P 8
#define HAVE_X11_EXTENSIONS_SHAPE_H 1
#define HAVE_X11_EXTENSIONS_XRENDER_H 1
#define HAVE_X11_EXTENSIONS_XTEST_H 1
#define HAVE_X11_INTRINSIC_H 1
#define HAVE_CUPS_CUPS_H 1
#define HAVE_CUPS_PPD_H 1
#define HAVE_LIBM 1
#define HAVE_LIBDL 1

configure: exit 0
